[debug] [2020-06-10T13:33:12.564Z] ----------------------------------------------------------------------
[debug] [2020-06-10T13:33:12.566Z] Command:       C:\Program Files\nodejs\node.exe C:\Users\gowxk\AppData\Roaming\npm\node_modules\firebase-tools\lib\bin\firebase.js deploy
[debug] [2020-06-10T13:33:12.566Z] CLI Version:   8.4.2
[debug] [2020-06-10T13:33:12.566Z] Platform:      win32
[debug] [2020-06-10T13:33:12.567Z] Node Version:  v13.12.0
[debug] [2020-06-10T13:33:12.567Z] Time:          Wed Jun 10 2020 16:33:12 GMT+0300 (Москва, стандартное время)
[debug] [2020-06-10T13:33:12.568Z] ----------------------------------------------------------------------
[debug] [2020-06-10T13:33:12.568Z] 
[debug] [2020-06-10T13:33:12.574Z] > command requires scopes: ["email","openid","https://www.googleapis.com/auth/cloudplatformprojects.readonly","https://www.googleapis.com/auth/firebase","https://www.googleapis.com/auth/cloud-platform"]
[debug] [2020-06-10T13:33:12.574Z] > authorizing via signed-in user
[debug] [2020-06-10T13:33:12.575Z] [iam] checking project users-list-task for permissions ["firebase.projects.get","firebasehosting.sites.update"]
[debug] [2020-06-10T13:33:12.577Z] > refreshing access token with scopes: ["email","https://www.googleapis.com/auth/cloud-platform","https://www.googleapis.com/auth/cloudplatformprojects.readonly","https://www.googleapis.com/auth/firebase","openid"]
[debug] [2020-06-10T13:33:12.577Z] >>> HTTP REQUEST POST https://www.googleapis.com/oauth2/v3/token  
 <request body omitted>
[debug] [2020-06-10T13:33:12.850Z] <<< HTTP RESPONSE 200 {"content-type":"application/json; charset=utf-8","vary":"X-Origin, Referer, Origin,Accept-Encoding","date":"Wed, 10 Jun 2020 13:33:13 GMT","server":"scaffolding on HTTPServer2","cache-control":"private","x-xss-protection":"0","x-frame-options":"SAMEORIGIN","x-content-type-options":"nosniff","alt-svc":"h3-27=\":443\"; ma=2592000,h3-25=\":443\"; ma=2592000,h3-T050=\":443\"; ma=2592000,h3-Q050=\":443\"; ma=2592000,h3-Q049=\":443\"; ma=2592000,h3-Q048=\":443\"; ma=2592000,h3-Q046=\":443\"; ma=2592000,h3-Q043=\":443\"; ma=2592000,quic=\":443\"; ma=2592000; v=\"46,43\"","accept-ranges":"none","transfer-encoding":"chunked"}
[debug] [2020-06-10T13:33:12.857Z] >>> HTTP REQUEST POST https://cloudresourcemanager.googleapis.com/v1/projects/users-list-task:testIamPermissions  
 {"permissions":["firebase.projects.get","firebasehosting.sites.update"]}
[debug] [2020-06-10T13:33:13.954Z] <<< HTTP RESPONSE 200 {"content-type":"application/json; charset=UTF-8","vary":"X-Origin, Referer, Origin,Accept-Encoding","date":"Wed, 10 Jun 2020 13:33:14 GMT","server":"ESF","cache-control":"private","x-xss-protection":"0","x-frame-options":"SAMEORIGIN","x-content-type-options":"nosniff","server-timing":"gfet4t7; dur=780","alt-svc":"h3-27=\":443\"; ma=2592000,h3-25=\":443\"; ma=2592000,h3-T050=\":443\"; ma=2592000,h3-Q050=\":443\"; ma=2592000,h3-Q049=\":443\"; ma=2592000,h3-Q048=\":443\"; ma=2592000,h3-Q046=\":443\"; ma=2592000,h3-Q043=\":443\"; ma=2592000,quic=\":443\"; ma=2592000; v=\"46,43\"","accept-ranges":"none","transfer-encoding":"chunked"}
[debug] [2020-06-10T13:33:13.955Z] >>> HTTP REQUEST GET https://firebase.googleapis.com/v1beta1/projects/users-list-task  
 
[debug] [2020-06-10T13:33:14.555Z] <<< HTTP RESPONSE 200 {"content-type":"application/json; charset=UTF-8","vary":"X-Origin, Referer, Origin,Accept-Encoding","date":"Wed, 10 Jun 2020 13:33:15 GMT","server":"ESF","cache-control":"private","x-xss-protection":"0","x-frame-options":"SAMEORIGIN","x-content-type-options":"nosniff","alt-svc":"h3-27=\":443\"; ma=2592000,h3-25=\":443\"; ma=2592000,h3-T050=\":443\"; ma=2592000,h3-Q050=\":443\"; ma=2592000,h3-Q049=\":443\"; ma=2592000,h3-Q048=\":443\"; ma=2592000,h3-Q046=\":443\"; ma=2592000,h3-Q043=\":443\"; ma=2592000,quic=\":443\"; ma=2592000; v=\"46,43\"","accept-ranges":"none","transfer-encoding":"chunked"}
[info] 
[info] === Deploying to 'users-list-task'...
[info] 
[info] i  deploying hosting 
[debug] [2020-06-10T13:33:14.558Z] >>> HTTP REQUEST POST https://firebasehosting.googleapis.com/v1beta1/sites/users-list-task/versions  
 {"config":{"rewrites":[{"glob":"**","path":"/index.html"}]},"labels":{"deployment-tool":"cli-firebase"}}
[debug] [2020-06-10T13:33:16.446Z] <<< HTTP RESPONSE 200 {"content-type":"application/json; charset=UTF-8","vary":"X-Origin, Referer, Origin,Accept-Encoding","date":"Wed, 10 Jun 2020 13:33:17 GMT","server":"ESF","cache-control":"private","x-xss-protection":"0","x-frame-options":"SAMEORIGIN","x-content-type-options":"nosniff","alt-svc":"h3-27=\":443\"; ma=2592000,h3-25=\":443\"; ma=2592000,h3-T050=\":443\"; ma=2592000,h3-Q050=\":443\"; ma=2592000,h3-Q049=\":443\"; ma=2592000,h3-Q048=\":443\"; ma=2592000,h3-Q046=\":443\"; ma=2592000,h3-Q043=\":443\"; ma=2592000,quic=\":443\"; ma=2592000; v=\"46,43\"","accept-ranges":"none","transfer-encoding":"chunked"}
[info] i  hosting[users-list-task]: beginning deploy... 
[info] i  hosting[users-list-task]: found 13 files in build 
[debug] [2020-06-10T13:33:16.675Z] [hosting] hash cache [YnVpbGQ] stored for 13 files
[debug] [2020-06-10T13:33:16.675Z] [hosting][hash queue][FINAL] {"max":217,"min":7,"avg":25.076923076923077,"active":0,"complete":13,"success":13,"errored":0,"retried":0,"total":13,"elapsed":221}
[debug] [2020-06-10T13:33:16.676Z] >>> HTTP REQUEST POST https://firebasehosting.googleapis.com/v1beta1/sites/users-list-task/versions/a4c40a62cd333ba6:populateFiles  
 <request body omitted>
